<?xml version="1.0" encoding="UTF-8"?>
<!-- Generated by org.testng.reporters.JUnitReportReporter -->
<testsuite hostname="SaiSravani" failures="0" tests="1" name="tests.streamExercises" time="0.017" errors="0" timestamp="2025-04-15T12:15:52 CEST" skipped="0">
  <testcase classname="tests.streamExercises" name="streamCollect" time="0.017"/>
</testsuite> <!-- tests.streamExercises -->
